Copyright 1986-2022 Xilinx, Inc. All Rights Reserved.
---------------------------------------------------------------------------------------------------
| Tool Version      : Vivado v.2022.2 (win64) Build 3671981 Fri Oct 14 05:00:03 MDT 2022
| Date              : Thu Jul 11 20:33:59 2024
| Host              : DESKTOP-1H1RL0L running 64-bit major release  (build 9200)
| Command           : report_clock_utilization -file design_1_wrapper_clock_utilization_routed.rpt
| Design            : design_1_wrapper
| Device            : xczu7ev-ffvc1156
| Speed File        : -2  PRODUCTION 1.30 05-15-2022
| Temperature Grade : E
| Design State      : Routed
---------------------------------------------------------------------------------------------------

Clock Utilization Report

Table of Contents
-----------------
1. Clock Primitive Utilization
2. Global Clock Resources
3. Global Clock Source Details
4. Local Clock Details
5. Clock Regions : Clock Primitives
6. Clock Regions : Load Primitives
7. Clock Regions : Global Clock Summary
8. Clock Regions : Routing Resource Utilization
9. Device Cell Placement Summary for Global Clock g0
10. Device Cell Placement Summary for Global Clock g1
11. Device Cell Placement Summary for Global Clock g2
12. Device Cell Placement Summary for Global Clock g3
13. Device Cell Placement Summary for Global Clock g4
14. Device Cell Placement Summary for Global Clock g5
15. Device Cell Placement Summary for Global Clock g6
16. Device Cell Placement Summary for Global Clock g7
17. Clock Region Cell Placement per Global Clock: Region X1Y0
18. Clock Region Cell Placement per Global Clock: Region X2Y0
19. Clock Region Cell Placement per Global Clock: Region X3Y0
20. Clock Region Cell Placement per Global Clock: Region X1Y1
21. Clock Region Cell Placement per Global Clock: Region X2Y1
22. Clock Region Cell Placement per Global Clock: Region X3Y1
23. Clock Region Cell Placement per Global Clock: Region X1Y2
24. Clock Region Cell Placement per Global Clock: Region X2Y2
25. Clock Region Cell Placement per Global Clock: Region X3Y2
26. Clock Region Cell Placement per Global Clock: Region X1Y3
27. Clock Region Cell Placement per Global Clock: Region X2Y3
28. Clock Region Cell Placement per Global Clock: Region X3Y3
29. Clock Region Cell Placement per Global Clock: Region X0Y4
30. Clock Region Cell Placement per Global Clock: Region X1Y4
31. Clock Region Cell Placement per Global Clock: Region X2Y4

1. Clock Primitive Utilization
------------------------------

+------------+------+-----------+-----+--------------+--------+
| Type       | Used | Available | LOC | Clock Region | Pblock |
+------------+------+-----------+-----+--------------+--------+
| BUFGCE     |    7 |       208 |   0 |            0 |      0 |
| BUFGCE_DIV |    0 |        32 |   0 |            0 |      0 |
| BUFGCTRL   |    0 |        64 |   0 |            0 |      0 |
| BUFG_GT    |    0 |       144 |   0 |            0 |      0 |
| BUFG_PS    |    1 |        96 |   0 |            0 |      0 |
| MMCM       |    0 |         8 |   0 |            0 |      0 |
| PLL        |    0 |        16 |   0 |            0 |      0 |
+------------+------+-----------+-----+--------------+--------+


2. Global Clock Resources
-------------------------

+-----------+-----------+-----------------+------------+---------------+--------------+------+-------------------+-------------------+-------------+-----------------+--------------+-----------------------------------------------------------------------------------------------------+-----------------------------------------------------------------------------------------------------------------------------------------------------------+---------------------------------------------------------------------------------------------------------------------------------------------------+
| Global Id | Source Id | Driver Type/Pin | Constraint | Site          | Clock Region | Root | Clock Delay Group | Load Clock Region | Clock Loads | Non-Clock Loads | Clock Period | Clock                                                                                               | Driver Pin                                                                                                                                                | Net                                                                                                                                               |
+-----------+-----------+-----------------+------------+---------------+--------------+------+-------------------+-------------------+-------------+-----------------+--------------+-----------------------------------------------------------------------------------------------------+-----------------------------------------------------------------------------------------------------------------------------------------------------------+---------------------------------------------------------------------------------------------------------------------------------------------------+
| g0        | src0      | BUFG_PS/O       | None       | BUFG_PS_X0Y81 | X1Y3         | X1Y2 |                   |                14 |       22394 |               1 |       10.000 | clk_pl_0                                                                                            | design_1_i/zynq_ultra_ps_e_0/inst/buffer_pl_clk_0.PL_CLK_0_BUFG/O                                                                                         | design_1_i/zynq_ultra_ps_e_0/inst/pl_clk0                                                                                                         |
| g1        | src0      | BUFGCE/O        | None       | BUFGCE_X1Y72  | X2Y3         | X2Y1 |                   |                 3 |        1119 |               0 |       10.000 | clk_pl_0                                                                                            | design_1_i/soc_e906_0/clicintattr_shv_reg_i_2/O                                                                                                           | design_1_i/soc_e906_0/x_cpu_sub_system_ahb/x_e906_top/x_pa_tcipif_top/x_pa_clic_top/clic_clk                                                      |
| g2        | src1      | BUFGCE/O        | None       | BUFGCE_X1Y38  | X2Y1         | X2Y2 |                   |                 4 |         465 |               0 |       50.000 | dbg_hub/inst/BSCANID.u_xsdbm_id/SWITCH_N_EXT_BSCAN.bscan_inst/SERIES7_BSCAN.bscan_inst/INTERNAL_TCK | dbg_hub/inst/BSCANID.u_xsdbm_id/SWITCH_N_EXT_BSCAN.u_bufg_icon_tck/O                                                                                      | dbg_hub/inst/BSCANID.u_xsdbm_id/itck_i                                                                                                            |
| g3        | src2      | BUFGCE/O        | None       | BUFGCE_X1Y73  | X2Y3         | X2Y3 |                   |                 1 |          32 |               0 |              |                                                                                                     | design_1_i/soc_e906_0/pmu_apb_prdata_reg[31]_i_2/O                                                                                                        | design_1_i/soc_e906_0/x_apb/x_pmu/pmu_apb_prdata0                                                                                                 |
| g4        | src3      | BUFGCE/O        | None       | BUFGCE_X0Y99  | X0Y4         | X2Y1 | n/a               |                 7 |           0 |            1824 |          n/a | n/a                                                                                                 | design_1_i/axi2rst_0/inst/u_EGRET_CFG_axi/slv_reg0_reg[0]_bufg_place/O                                                                                    | design_1_i/axi2rst_0/inst/u_EGRET_CFG_axi/egret_rstn                                                                                              |
| g5        | src4      | BUFGCE/O        | None       | BUFGCE_X1Y56  | X2Y2         | X2Y2 | n/a               |                 4 |           0 |            2217 |          n/a | n/a                                                                                                 | design_1_i/proc_sys_reset_1/U0/ACTIVE_LOW_PR_OUT_DFF[0].FDRE_PER_N_bufg_place/O                                                                           | design_1_i/proc_sys_reset_1/U0/peripheral_aresetn[0]                                                                                              |
| g6        | src5      | BUFGCE/O        | None       | BUFGCE_X1Y50  | X2Y2         | X2Y2 | n/a               |                 9 |           0 |            5501 |          n/a | n/a                                                                                                 | design_1_i/soc_e906_0/inst/x_cpu_sub_system_ahb/x_e906_top/x_pa_clkrst_top/x_pa_rst_top/ciu_rst_ff_3rd_reg_bufg_place/O                                   | design_1_i/soc_e906_0/inst/x_cpu_sub_system_ahb/x_e906_top/x_pa_clkrst_top/x_pa_rst_top/cpurst_b                                                  |
| g7        | src6      | BUFGCE/O        | None       | BUFGCE_X1Y44  | X2Y1         | X2Y1 | n/a               |                 7 |           0 |            1830 |          n/a | n/a                                                                                                 | design_1_i/soc_e906_0/inst/x_cpu_sub_system_ahb/x_e906_top/x_pa_core_top/x_pa_core/x_pa_ifu_top/x_pa_ifu_vec/FSM_onehot_vec_cur_state_reg[1]_bufg_place/O | design_1_i/soc_e906_0/inst/x_cpu_sub_system_ahb/x_e906_top/x_pa_core_top/x_pa_core/x_pa_ifu_top/x_pa_ifu_vec/FSM_onehot_vec_cur_state_reg[6]_0[0] |
+-----------+-----------+-----------------+------------+---------------+--------------+------+-------------------+-------------------+-------------+-----------------+--------------+-----------------------------------------------------------------------------------------------------+-----------------------------------------------------------------------------------------------------------------------------------------------------------+---------------------------------------------------------------------------------------------------------------------------------------------------+
* Clock Loads column represents cell count of net connects that connect to a clock pin. Internal cell leaf pins are not considered
** Non-Clock Loads column represents cell count of non-clock pin loads


3. Global Clock Source Details
------------------------------

+-----------+-----------+-----------------+------------+------------------+--------------+-------------+-----------------+---------------------+-----------------------------------------------------------------------------------------------------+------------------------------------------------------------------------------------------------------------------------------------------------+--------------------------------------------------------------------------------------------------------------------------------------------------------------+
| Source Id | Global Id | Driver Type/Pin | Constraint | Site             | Clock Region | Clock Loads | Non-Clock Loads | Source Clock Period | Source Clock                                                                                        | Driver Pin                                                                                                                                     | Net                                                                                                                                                          |
+-----------+-----------+-----------------+------------+------------------+--------------+-------------+-----------------+---------------------+-----------------------------------------------------------------------------------------------------+------------------------------------------------------------------------------------------------------------------------------------------------+--------------------------------------------------------------------------------------------------------------------------------------------------------------+
| src0      | g0        | PS8/PLCLK[0]    | None       | PS8_X0Y0         | X0Y1         |           1 |               0 |              10.000 | clk_pl_0                                                                                            | design_1_i/zynq_ultra_ps_e_0/inst/PS8_i/PLCLK[0]                                                                                               | design_1_i/zynq_ultra_ps_e_0/inst/pl_clk_unbuffered[0]                                                                                                       |
| src0      | g1        | LUT2/O          | None       | SLICE_X66Y211    | X2Y3         |           1 |               0 |              10.000 | clk_pl_0                                                                                            | design_1_i/soc_e906_0/inst/x_cpu_sub_system_ahb/x_e906_top/x_pa_tcipif_top/x_pa_clic_top/clic_clk_buf/clicintattr_shv_i_6/O                    | design_1_i/soc_e906_0/inst/x_cpu_sub_system_ahb/x_e906_top/x_pa_tcipif_top/x_pa_clic_top/clic_clk_buf/buffer_pl_clk_0.PL_CLK_0_BUFG                          |
| src1      | g2        | BSCANE2/TCK     | None       | CONFIG_SITE_X0Y0 | X3Y2         |           1 |               0 |              50.000 | dbg_hub/inst/BSCANID.u_xsdbm_id/SWITCH_N_EXT_BSCAN.bscan_inst/SERIES7_BSCAN.bscan_inst/INTERNAL_TCK | dbg_hub/inst/BSCANID.u_xsdbm_id/SWITCH_N_EXT_BSCAN.bscan_inst/SERIES7_BSCAN.bscan_inst/TCK                                                     | dbg_hub/inst/BSCANID.u_xsdbm_id/SWITCH_N_EXT_BSCAN.bscan_inst/TCK                                                                                            |
| src2      | g3        | LUT6/O          | None       | SLICE_X68Y204    | X2Y3         |           1 |               0 |                     |                                                                                                     | design_1_i/soc_e906_0/inst/x_apb/x_apb_bridge/pmu_apb_prdata_reg[31]_i_5/O                                                                     | design_1_i/soc_e906_0/inst/x_apb/x_apb_bridge/apb_xx_paddr_reg[15]_2                                                                                         |
| src3      | g4        | FDRE/Q          | None       | SLICE_X26Y244    | X0Y4         |           1 |               0 |                     |                                                                                                     | design_1_i/axi2rst_0/inst/u_EGRET_CFG_axi/slv_reg0_reg[0]/Q                                                                                    | design_1_i/axi2rst_0/inst/u_EGRET_CFG_axi/egret_rstn_bufg_place                                                                                              |
| src4      | g5        | FDRE/Q          | None       | SLICE_X57Y106    | X1Y1         |           1 |               0 |                     |                                                                                                     | design_1_i/proc_sys_reset_1/U0/ACTIVE_LOW_PR_OUT_DFF[0].FDRE_PER_N/Q                                                                           | design_1_i/proc_sys_reset_1/U0/peripheral_aresetn[0]_bufg_place                                                                                              |
| src5      | g6        | FDCE/Q          | None       | SLICE_X83Y137    | X2Y2         |           1 |               0 |                     |                                                                                                     | design_1_i/soc_e906_0/inst/x_cpu_sub_system_ahb/x_e906_top/x_pa_clkrst_top/x_pa_rst_top/ciu_rst_ff_3rd_reg/Q                                   | design_1_i/soc_e906_0/inst/x_cpu_sub_system_ahb/x_e906_top/x_pa_clkrst_top/x_pa_rst_top/cpurst_b_bufg_place                                                  |
| src6      | g7        | FDCE/Q          | None       | SLICE_X86Y71     | X2Y1         |           1 |               0 |                     |                                                                                                     | design_1_i/soc_e906_0/inst/x_cpu_sub_system_ahb/x_e906_top/x_pa_core_top/x_pa_core/x_pa_ifu_top/x_pa_ifu_vec/FSM_onehot_vec_cur_state_reg[1]/Q | design_1_i/soc_e906_0/inst/x_cpu_sub_system_ahb/x_e906_top/x_pa_core_top/x_pa_core/x_pa_ifu_top/x_pa_ifu_vec/FSM_onehot_vec_cur_state_reg[6]_0[0]_bufg_place |
+-----------+-----------+-----------------+------------+------------------+--------------+-------------+-----------------+---------------------+-----------------------------------------------------------------------------------------------------+------------------------------------------------------------------------------------------------------------------------------------------------+--------------------------------------------------------------------------------------------------------------------------------------------------------------+
* Clock Loads column represents cell count of net connects that connect to a clock pin. Internal cell leaf pins are not considered
** Non-Clock Loads column represents cell count of non-clock pin loads


4. Local Clock Details
----------------------

+----------+-----------------+------------+------------------+--------------+-------------+-----------------+--------------+-------+--------------------------------------------------------------------+--------------------------------------------------------------+
| Local Id | Driver Type/Pin | Constraint | Site/BEL         | Clock Region | Clock Loads | Non-Clock Loads | Clock Period | Clock | Driver Pin                                                         | Net                                                          |
+----------+-----------------+------------+------------------+--------------+-------------+-----------------+--------------+-------+--------------------------------------------------------------------+--------------------------------------------------------------+
| 0        | FDCE/Q          | None       | SLICE_X68Y28/DFF | X2Y0         |           6 |               1 |              |       | design_1_i/soc_e906_0/inst/x_cpu_sub_system_ahb/cpu_clk_div2_reg/Q | design_1_i/soc_e906_0/inst/x_cpu_sub_system_ahb/cpu_clk_div2 |
+----------+-----------------+------------+------------------+--------------+-------------+-----------------+--------------+-------+--------------------------------------------------------------------+--------------------------------------------------------------+
* Local Clocks in this context represents only clocks driven by non-global buffers
** Clock Loads column represents cell count of net connects that connect to a clock pin. Internal cell leaf pins are not considered
*** Non-Clock Loads column represents cell count of non-clock pin loads


5. Clock Regions : Clock Primitives
-----------------------------------

+-------------------+---------------+---------------+---------------+---------------+---------------+---------------+---------------+---------------+
|                   |  Global Clock |     BUFGCE    |   BUFGCE_DIV  |    BUFGCTRL   |    BUFG_GT    |    BUFG_PS    |      MMCM     |      PLL      |
+-------------------+-------+-------+-------+-------+-------+-------+-------+-------+-------+-------+-------+-------+-------+-------+-------+-------+
| Clock Region Name | Used  | Avail | Used  | Avail | Used  | Avail | Used  | Avail | Used  | Avail | Used  | Avail | Used  | Avail | Used  | Avail |
+-------------------+-------+-------+-------+-------+-------+-------+-------+-------+-------+-------+-------+-------+-------+-------+-------+-------+
| X0Y0              |     0 |     0 |     0 |     0 |     0 |     0 |     0 |     0 |     0 |     0 |     0 |     0 |     0 |     0 |     0 |     0 |
| X1Y0              |     2 |    24 |     0 |     0 |     0 |     0 |     0 |     0 |     0 |     0 |     0 |    24 |     0 |     0 |     0 |     0 |
| X2Y0              |     5 |    24 |     0 |    24 |     0 |     4 |     0 |     8 |     0 |     0 |     0 |     0 |     0 |     1 |     0 |     2 |
| X3Y0              |     3 |    24 |     0 |     0 |     0 |     0 |     0 |     0 |     0 |    24 |     0 |     0 |     0 |     0 |     0 |     0 |
| X0Y1              |     0 |     0 |     0 |     0 |     0 |     0 |     0 |     0 |     0 |     0 |     0 |     0 |     0 |     0 |     0 |     0 |
| X1Y1              |     5 |    24 |     0 |     0 |     0 |     0 |     0 |     0 |     0 |     0 |     0 |    24 |     0 |     0 |     0 |     0 |
| X2Y1              |     6 |    24 |     2 |    24 |     0 |     4 |     0 |     8 |     0 |     0 |     0 |     0 |     0 |     1 |     0 |     2 |
| X3Y1              |     3 |    24 |     0 |     0 |     0 |     0 |     0 |     0 |     0 |    24 |     0 |     0 |     0 |     0 |     0 |     0 |
| X0Y2              |     0 |     0 |     0 |     0 |     0 |     0 |     0 |     0 |     0 |     0 |     0 |     0 |     0 |     0 |     0 |     0 |
| X1Y2              |     4 |    24 |     0 |     0 |     0 |     0 |     0 |     0 |     0 |     0 |     0 |    24 |     0 |     0 |     0 |     0 |
| X2Y2              |     6 |    24 |     2 |    24 |     0 |     4 |     0 |     8 |     0 |     0 |     0 |     0 |     0 |     1 |     0 |     2 |
| X3Y2              |     5 |    24 |     0 |     0 |     0 |     0 |     0 |     0 |     0 |    24 |     0 |     0 |     0 |     0 |     0 |     0 |
| X0Y3              |     0 |     0 |     0 |     0 |     0 |     0 |     0 |     0 |     0 |     0 |     0 |     0 |     0 |     0 |     0 |     0 |
| X1Y3              |     1 |    24 |     0 |     0 |     0 |     0 |     0 |     0 |     0 |     0 |     1 |    24 |     0 |     0 |     0 |     0 |
| X2Y3              |     5 |    24 |     2 |    24 |     0 |     4 |     0 |     8 |     0 |     0 |     0 |     0 |     0 |     1 |     0 |     2 |
| X3Y3              |     4 |    24 |     0 |     0 |     0 |     0 |     0 |     0 |     0 |    24 |     0 |     0 |     0 |     0 |     0 |     0 |
| X0Y4              |     2 |    24 |     1 |    28 |     0 |     4 |     0 |     8 |     0 |     0 |     0 |     0 |     0 |     1 |     0 |     2 |
| X1Y4              |     2 |    24 |     0 |     0 |     0 |     0 |     0 |     0 |     0 |     0 |     0 |     0 |     0 |     0 |     0 |     0 |
| X2Y4              |     1 |    24 |     0 |    24 |     0 |     4 |     0 |     8 |     0 |     0 |     0 |     0 |     0 |     1 |     0 |     2 |
| X3Y4              |     0 |    24 |     0 |     4 |     0 |     0 |     0 |     0 |     0 |    24 |     0 |     0 |     0 |     0 |     0 |     0 |
| X0Y5              |     0 |    24 |     0 |    28 |     0 |     4 |     0 |     8 |     0 |     0 |     0 |     0 |     0 |     1 |     0 |     2 |
| X1Y5              |     0 |    24 |     0 |     0 |     0 |     0 |     0 |     0 |     0 |     0 |     0 |     0 |     0 |     0 |     0 |     0 |
| X2Y5              |     0 |    24 |     0 |    24 |     0 |     4 |     0 |     8 |     0 |     0 |     0 |     0 |     0 |     1 |     0 |     2 |
| X3Y5              |     0 |    24 |     0 |     4 |     0 |     0 |     0 |     0 |     0 |    24 |     0 |     0 |     0 |     0 |     0 |     0 |
+-------------------+-------+-------+-------+-------+-------+-------+-------+-------+-------+-------+-------+-------+-------+-------+-------+-------+
* Global Clock column represents track count; while other columns represents cell counts


6. Clock Regions : Load Primitives
----------------------------------

+-------------------+------------------+------------------+------------------+------------------+------------------+------------------+------------------+------------------+
|                   |   Global Clock   |        FF        |      LUTRAM      |  Block RAM (18K) |       URAM       |        DSP       |        GT        |      HARD IP     |
+-------------------+--------+---------+--------+---------+--------+---------+--------+---------+--------+---------+--------+---------+--------+---------+--------+---------+
| Clock Region Name | Used   | Avail   | Used   | Avail   | Used   | Avail   | Used   | Avail   | Used   | Avail   | Used   | Avail   | Used   | Avail   | Used   | Avail   |
+-------------------+--------+---------+--------+---------+--------+---------+--------+---------+--------+---------+--------+---------+--------+---------+--------+---------+
| X0Y0              |      0 |       0 |      0 |       0 |      0 |       0 |      0 |       0 |      0 |       0 |      0 |       0 |      0 |       0 |      0 |       0 |
| X1Y0              |      2 |      24 |    196 |   17280 |      7 |    4320 |      0 |      24 |      0 |      16 |      0 |      96 |      0 |       0 |      0 |       0 |
| X2Y0              |      5 |      24 |    886 |   22080 |    293 |    5760 |      0 |      24 |      0 |       0 |      0 |     120 |      0 |       0 |      0 |       0 |
| X3Y0              |      3 |      24 |   2238 |   22080 |     13 |    3360 |      0 |      48 |      0 |       0 |      0 |      48 |      0 |       4 |      0 |       1 |
| X0Y1              |      0 |       0 |      0 |       0 |      0 |       0 |      0 |       0 |      0 |       0 |      0 |       0 |      0 |       0 |      0 |       0 |
| X1Y1              |      5 |      24 |   3743 |   17280 |    234 |    4320 |     17 |      24 |      0 |      16 |      0 |      96 |      0 |       0 |      0 |       0 |
| X2Y1              |      6 |      24 |   3257 |   22080 |    362 |    5760 |      2 |      24 |      0 |       0 |      0 |     120 |      0 |       0 |      0 |       0 |
| X3Y1              |      3 |      24 |   2313 |   22080 |      0 |    3360 |      0 |      48 |      0 |       0 |      0 |      48 |      0 |       4 |      0 |       1 |
| X0Y2              |      0 |       0 |      0 |       0 |      0 |       0 |      0 |       0 |      0 |       0 |      0 |       0 |      0 |       0 |      0 |       0 |
| X1Y2              |      4 |      24 |   3602 |   17280 |    123 |    4320 |     23 |      24 |      0 |      16 |      0 |      96 |      0 |       0 |      0 |       0 |
| X2Y2              |      6 |      24 |   1860 |   22080 |     18 |    5760 |     24 |      24 |      0 |       0 |      0 |     120 |      0 |       0 |      0 |       0 |
| X3Y2              |      5 |      24 |   1161 |   22080 |      0 |    3360 |      8 |      48 |      0 |       0 |      0 |      48 |      0 |       4 |      0 |       0 |
| X0Y3              |      0 |       0 |      0 |       0 |      0 |       0 |      0 |       0 |      0 |       0 |      0 |       0 |      0 |       0 |      0 |       0 |
| X1Y3              |      1 |      24 |    249 |   17280 |     27 |    4320 |     12 |      24 |      0 |      16 |      0 |      96 |      0 |       0 |      0 |       0 |
| X2Y3              |      5 |      24 |   1456 |   22080 |      0 |    5760 |     22 |      24 |      0 |       0 |      0 |     120 |      0 |       0 |      0 |       0 |
| X3Y3              |      4 |      24 |    320 |   22080 |      0 |    3360 |      8 |      48 |      0 |       0 |      0 |      48 |      0 |       4 |      0 |       0 |
| X0Y4              |      2 |      24 |   1292 |   40320 |     41 |    9120 |      0 |      24 |      0 |       0 |      0 |      48 |      0 |       0 |      0 |       0 |
| X1Y4              |      2 |      24 |      0 |   23040 |      0 |    5760 |      0 |      24 |      0 |      16 |      0 |     120 |      0 |       0 |      0 |       0 |
| X2Y4              |      1 |      24 |      0 |   22080 |      0 |    5760 |      0 |      24 |      0 |       0 |      0 |     120 |      0 |       0 |      0 |       0 |
| X3Y4              |      0 |      24 |      0 |   22080 |      0 |    3360 |      0 |      48 |      0 |       0 |      0 |      48 |      0 |       4 |      0 |       0 |
| X0Y5              |      0 |      24 |      0 |   40320 |      0 |    9120 |      0 |      24 |      0 |       0 |      0 |      48 |      0 |       0 |      0 |       0 |
| X1Y5              |      0 |      24 |      0 |   23040 |      0 |    5760 |      0 |      24 |      0 |      16 |      0 |     120 |      0 |       0 |      0 |       0 |
| X2Y5              |      0 |      24 |      0 |   22080 |      0 |    5760 |      0 |      24 |      0 |       0 |      0 |     120 |      0 |       0 |      0 |       0 |
| X3Y5              |      0 |      24 |      0 |   22080 |      0 |    3360 |      0 |      48 |      0 |       0 |      0 |      48 |      0 |       4 |      0 |       0 |
+-------------------+--------+---------+--------+---------+--------+---------+--------+---------+--------+---------+--------+---------+--------+---------+--------+---------+
* Global Clock column represents track count; while other columns represents cell counts


7. Clock Regions : Global Clock Summary
---------------------------------------

All Modules
+----+----+----+----+----+
|    | X0 | X1 | X2 | X3 |
+----+----+----+----+----+
| Y5 |  0 |  0 |  0 |  0 |
| Y4 |  3 |  3 |  2 |  0 |
| Y3 |  0 |  1 |  7 |  4 |
| Y2 |  0 |  4 |  7 |  5 |
| Y1 |  0 |  5 |  7 |  3 |
| Y0 |  0 |  2 |  5 |  3 |
+----+----+----+----+----+


8. Clock Regions : Routing Resource Utilization
-----------------------------------------------

All Modules
+-------------------+----------------------+----------------------+----------------------+----------------------+
|                   |        HROUTES       |        HDISTRS       |        VROUTES       |        VDISTRS       |
+-------------------+------+-------+-------+------+-------+-------+------+-------+-------+------+-------+-------+
| Clock Region Name | Used | Avail | Util% | Used | Avail | Util% | Used | Avail | Util% | Used | Avail | Util% |
+-------------------+------+-------+-------+------+-------+-------+------+-------+-------+------+-------+-------+
| X0Y0              |    0 |     0 |  0.00 |    0 |     0 |  0.00 |    0 |     0 |  0.00 |    0 |     0 |  0.00 |
| X1Y0              |    0 |    24 |  0.00 |    2 |    24 |  8.33 |    0 |    24 |  0.00 |    1 |    24 |  4.17 |
| X2Y0              |    0 |    24 |  0.00 |    5 |    24 | 20.83 |    0 |    24 |  0.00 |    4 |    24 | 16.67 |
| X3Y0              |    0 |    24 |  0.00 |    3 |    24 | 12.50 |    0 |    24 |  0.00 |    0 |    24 |  0.00 |
| X0Y1              |    0 |     0 |  0.00 |    0 |     0 |  0.00 |    0 |     0 |  0.00 |    0 |     0 |  0.00 |
| X1Y1              |    0 |    24 |  0.00 |    5 |    24 | 20.83 |    0 |    24 |  0.00 |    1 |    24 |  4.17 |
| X2Y1              |    2 |    24 |  8.33 |    6 |    24 | 25.00 |    2 |    24 |  8.33 |    5 |    24 | 20.83 |
| X3Y1              |    0 |    24 |  0.00 |    3 |    24 | 12.50 |    0 |    24 |  0.00 |    0 |    24 |  0.00 |
| X0Y2              |    0 |     0 |  0.00 |    0 |     0 |  0.00 |    0 |     0 |  0.00 |    0 |     0 |  0.00 |
| X1Y2              |    0 |    24 |  0.00 |    4 |    24 | 16.67 |    1 |    24 |  4.17 |    1 |    24 |  4.17 |
| X2Y2              |    0 |    24 |  0.00 |    6 |    24 | 25.00 |    3 |    24 | 12.50 |    4 |    24 | 16.67 |
| X3Y2              |    0 |    24 |  0.00 |    5 |    24 | 20.83 |    0 |    24 |  0.00 |    0 |    24 |  0.00 |
| X0Y3              |    0 |     0 |  0.00 |    0 |     0 |  0.00 |    0 |     0 |  0.00 |    0 |     0 |  0.00 |
| X1Y3              |    1 |    24 |  4.17 |    1 |    24 |  4.17 |    1 |    24 |  4.17 |    1 |    24 |  4.17 |
| X2Y3              |    1 |    24 |  4.17 |    5 |    24 | 20.83 |    2 |    24 |  8.33 |    1 |    24 |  4.17 |
| X3Y3              |    0 |    24 |  0.00 |    4 |    24 | 16.67 |    0 |    24 |  0.00 |    0 |    24 |  0.00 |
| X0Y4              |    2 |    24 |  8.33 |    2 |    24 |  8.33 |    0 |    24 |  0.00 |    0 |    24 |  0.00 |
| X1Y4              |    2 |    24 |  8.33 |    2 |    24 |  8.33 |    0 |    24 |  0.00 |    0 |    24 |  0.00 |
| X2Y4              |    2 |    24 |  8.33 |    1 |    24 |  4.17 |    1 |    24 |  4.17 |    0 |    24 |  0.00 |
| X3Y4              |    0 |    24 |  0.00 |    0 |    24 |  0.00 |    0 |    24 |  0.00 |    0 |    24 |  0.00 |
| X0Y5              |    0 |    24 |  0.00 |    0 |    24 |  0.00 |    0 |    24 |  0.00 |    0 |    24 |  0.00 |
| X1Y5              |    0 |    24 |  0.00 |    0 |    24 |  0.00 |    0 |    24 |  0.00 |    0 |    24 |  0.00 |
| X2Y5              |    0 |    24 |  0.00 |    0 |    24 |  0.00 |    0 |    24 |  0.00 |    0 |    24 |  0.00 |
| X3Y5              |    0 |    24 |  0.00 |    0 |    24 |  0.00 |    0 |    24 |  0.00 |    0 |    24 |  0.00 |
+-------------------+------+-------+-------+------+-------+-------+------+-------+-------+------+-------+-------+


9. Device Cell Placement Summary for Global Clock g0
----------------------------------------------------

+-----------+-----------------+-------------------+----------+-------------+---------------+----------+-------------+----------+----------------+----------+-------------------------------------------+
| Global Id | Driver Type/Pin | Driver Region (D) | Clock    | Period (ns) | Waveform (ns) | Root (R) | Slice Loads | IO Loads | Clocking Loads | GT Loads | Net                                       |
+-----------+-----------------+-------------------+----------+-------------+---------------+----------+-------------+----------+----------------+----------+-------------------------------------------+
| g0        | BUFG_PS/O       | X1Y3              | clk_pl_0 |      10.000 | {0.000 5.000} | X1Y2     |       22163 |        0 |              0 |        0 | design_1_i/zynq_ultra_ps_e_0/inst/pl_clk0 |
+-----------+-----------------+-------------------+----------+-------------+---------------+----------+-------------+----------+----------------+----------+-------------------------------------------+
* Slice Loads column represents load cell count of all cell types other than IO, GT and clock resources
** IO Loads column represents load cell count of IO types
*** Clocking Loads column represents load cell count that are clock resources (global clock buffer, MMCM, PLL, etc)
**** GT Loads column represents load cell count of GT types


+----+-------+----------+-------+-------+-----------------------+
|    | X0    | X1       | X2    | X3    | HORIZONTAL PROG DELAY |
+----+-------+----------+-------+-------+-----------------------+
| Y5 |     0 |        0 |     0 |     0 |                     - |
| Y4 |  1333 |        0 |     0 |     0 |                     1 |
| Y3 |     0 |  (D) 282 |  1468 |   284 |                     2 |
| Y2 |     0 | (R) 3445 |  1188 |   618 |                     2 |
| Y1 |     1 |     3986 |  3618 |  2313 |                     1 |
| Y0 |     0 |      203 |  1173 |  2251 |                     0 |
+----+-------+----------+-------+-------+-----------------------+


10. Device Cell Placement Summary for Global Clock g1
-----------------------------------------------------

+-----------+-----------------+-------------------+----------+-------------+---------------+----------+-------------+----------+----------------+----------+----------------------------------------------------------------------------------------------+
| Global Id | Driver Type/Pin | Driver Region (D) | Clock    | Period (ns) | Waveform (ns) | Root (R) | Slice Loads | IO Loads | Clocking Loads | GT Loads | Net                                                                                          |
+-----------+-----------------+-------------------+----------+-------------+---------------+----------+-------------+----------+----------------+----------+----------------------------------------------------------------------------------------------+
| g1        | BUFGCE/O        | X2Y3              | clk_pl_0 |      10.000 | {0.000 5.000} | X2Y1     |        1119 |        0 |              0 |        0 | design_1_i/soc_e906_0/x_cpu_sub_system_ahb/x_e906_top/x_pa_tcipif_top/x_pa_clic_top/clic_clk |
+-----------+-----------------+-------------------+----------+-------------+---------------+----------+-------------+----------+----------------+----------+----------------------------------------------------------------------------------------------+
* Slice Loads column represents load cell count of all cell types other than IO, GT and clock resources
** IO Loads column represents load cell count of IO types
*** Clocking Loads column represents load cell count that are clock resources (global clock buffer, MMCM, PLL, etc)
**** GT Loads column represents load cell count of GT types


+----+----+----+--------+------+-----------------------+
|    | X0 | X1 | X2     | X3   | HORIZONTAL PROG DELAY |
+----+----+----+--------+------+-----------------------+
| Y5 |  0 |  0 |      0 |    0 |                     - |
| Y4 |  0 |  0 |      0 |    0 |                     - |
| Y3 |  0 |  0 |  (D) 0 |    0 |                     - |
| Y2 |  0 |  0 |    689 |  428 |                     0 |
| Y1 |  0 |  0 |  (R) 2 |    0 |                     0 |
| Y0 |  0 |  0 |      0 |    0 |                     - |
+----+----+----+--------+------+-----------------------+


11. Device Cell Placement Summary for Global Clock g2
-----------------------------------------------------

+-----------+-----------------+-------------------+-----------------------------------------------------------------------------------------------------+-------------+----------------+----------+-------------+----------+----------------+----------+----------------------------------------+
| Global Id | Driver Type/Pin | Driver Region (D) | Clock                                                                                               | Period (ns) | Waveform (ns)  | Root (R) | Slice Loads | IO Loads | Clocking Loads | GT Loads | Net                                    |
+-----------+-----------------+-------------------+-----------------------------------------------------------------------------------------------------+-------------+----------------+----------+-------------+----------+----------------+----------+----------------------------------------+
| g2        | BUFGCE/O        | X2Y1              | dbg_hub/inst/BSCANID.u_xsdbm_id/SWITCH_N_EXT_BSCAN.bscan_inst/SERIES7_BSCAN.bscan_inst/INTERNAL_TCK |      50.000 | {0.000 25.000} | X2Y2     |         465 |        0 |              0 |        0 | dbg_hub/inst/BSCANID.u_xsdbm_id/itck_i |
+-----------+-----------------+-------------------+-----------------------------------------------------------------------------------------------------+-------------+----------------+----------+-------------+----------+----------------+----------+----------------------------------------+
* Slice Loads column represents load cell count of all cell types other than IO, GT and clock resources
** IO Loads column represents load cell count of IO types
*** Clocking Loads column represents load cell count that are clock resources (global clock buffer, MMCM, PLL, etc)
**** GT Loads column represents load cell count of GT types


+----+----+------+--------+------+-----------------------+
|    | X0 | X1   | X2     | X3   | HORIZONTAL PROG DELAY |
+----+----+------+--------+------+-----------------------+
| Y5 |  0 |    0 |      0 |    0 |                     - |
| Y4 |  0 |    0 |      0 |    0 |                     - |
| Y3 |  0 |    0 |      0 |   40 |                     0 |
| Y2 |  0 |  292 | (R) 14 |  119 |                     0 |
| Y1 |  0 |    0 |  (D) 0 |    0 |                     - |
| Y0 |  0 |    0 |      0 |    0 |                     - |
+----+----+------+--------+------+-----------------------+


12. Device Cell Placement Summary for Global Clock g3
-----------------------------------------------------

+-----------+-----------------+-------------------+-------+-------------+---------------+----------+-------------+----------+----------------+----------+---------------------------------------------------+
| Global Id | Driver Type/Pin | Driver Region (D) | Clock | Period (ns) | Waveform (ns) | Root (R) | Slice Loads | IO Loads | Clocking Loads | GT Loads | Net                                               |
+-----------+-----------------+-------------------+-------+-------------+---------------+----------+-------------+----------+----------------+----------+---------------------------------------------------+
| g3        | BUFGCE/O        | X2Y3              |       |             |               | X2Y3     |          32 |        0 |              0 |        0 | design_1_i/soc_e906_0/x_apb/x_pmu/pmu_apb_prdata0 |
+-----------+-----------------+-------------------+-------+-------------+---------------+----------+-------------+----------+----------------+----------+---------------------------------------------------+
* Slice Loads column represents load cell count of all cell types other than IO, GT and clock resources
** IO Loads column represents load cell count of IO types
*** Clocking Loads column represents load cell count that are clock resources (global clock buffer, MMCM, PLL, etc)
**** GT Loads column represents load cell count of GT types


+----+----+----+------------+----+-----------------------+
|    | X0 | X1 | X2         | X3 | HORIZONTAL PROG DELAY |
+----+----+----+------------+----+-----------------------+
| Y5 |  0 |  0 |          0 |  0 |                     - |
| Y4 |  0 |  0 |          0 |  0 |                     - |
| Y3 |  0 |  0 | (R) (D) 32 |  0 |                     0 |
| Y2 |  0 |  0 |          0 |  0 |                     - |
| Y1 |  0 |  0 |          0 |  0 |                     - |
| Y0 |  0 |  0 |          0 |  0 |                     - |
+----+----+----+------------+----+-----------------------+


13. Device Cell Placement Summary for Global Clock g4
-----------------------------------------------------

+-----------+-----------------+-------------------+-------+-------------+---------------+----------+-------------+----------+----------------+----------+------------------------------------------------------+
| Global Id | Driver Type/Pin | Driver Region (D) | Clock | Period (ns) | Waveform (ns) | Root (R) | Slice Loads | IO Loads | Clocking Loads | GT Loads | Net                                                  |
+-----------+-----------------+-------------------+-------+-------------+---------------+----------+-------------+----------+----------------+----------+------------------------------------------------------+
| g4        | BUFGCE/O        | X0Y4              |       |             |               | X2Y1     |        1824 |        0 |              0 |        0 | design_1_i/axi2rst_0/inst/u_EGRET_CFG_axi/egret_rstn |
+-----------+-----------------+-------------------+-------+-------------+---------------+----------+-------------+----------+----------------+----------+------------------------------------------------------+
* Slice Loads column represents load cell count of all cell types other than IO, GT and clock resources
** IO Loads column represents load cell count of IO types
*** Clocking Loads column represents load cell count that are clock resources (global clock buffer, MMCM, PLL, etc)
**** GT Loads column represents load cell count of GT types


+----+--------+-----+--------+------+-----------------------+
|    | X0     | X1  | X2     | X3   | HORIZONTAL PROG DELAY |
+----+--------+-----+--------+------+-----------------------+
| Y5 |      0 |   0 |      0 |    0 |                     - |
| Y4 |  (D) 0 |   0 |      0 |    0 |                     - |
| Y3 |      0 |   0 |   1290 |  252 |                     0 |
| Y2 |      0 |  40 |    206 |    0 |                     0 |
| Y1 |      0 |  24 | (R) 10 |    0 |                     0 |
| Y0 |      0 |   0 |      2 |    0 |                     0 |
+----+--------+-----+--------+------+-----------------------+


14. Device Cell Placement Summary for Global Clock g5
-----------------------------------------------------

+-----------+-----------------+-------------------+-------+-------------+---------------+----------+-------------+----------+----------------+----------+------------------------------------------------------+
| Global Id | Driver Type/Pin | Driver Region (D) | Clock | Period (ns) | Waveform (ns) | Root (R) | Slice Loads | IO Loads | Clocking Loads | GT Loads | Net                                                  |
+-----------+-----------------+-------------------+-------+-------------+---------------+----------+-------------+----------+----------------+----------+------------------------------------------------------+
| g5        | BUFGCE/O        | X2Y2              |       |             |               | X2Y2     |        2217 |        0 |              0 |        0 | design_1_i/proc_sys_reset_1/U0/peripheral_aresetn[0] |
+-----------+-----------------+-------------------+-------+-------------+---------------+----------+-------------+----------+----------------+----------+------------------------------------------------------+
* Slice Loads column represents load cell count of all cell types other than IO, GT and clock resources
** IO Loads column represents load cell count of IO types
*** Clocking Loads column represents load cell count that are clock resources (global clock buffer, MMCM, PLL, etc)
**** GT Loads column represents load cell count of GT types


+----+-------+------+-----------+----+-----------------------+
|    | X0    | X1   | X2        | X3 | HORIZONTAL PROG DELAY |
+----+-------+------+-----------+----+-----------------------+
| Y5 |     0 |    0 |         0 |  0 |                     - |
| Y4 |  1017 |    0 |         0 |  0 |                     0 |
| Y3 |     0 |    0 |         0 |  0 |                     - |
| Y2 |     0 |    0 | (R) (D) 0 |  0 |                     - |
| Y1 |     0 |  995 |       157 |  0 |                     0 |
| Y0 |     0 |   48 |         0 |  0 |                     0 |
+----+-------+------+-----------+----+-----------------------+


15. Device Cell Placement Summary for Global Clock g6
-----------------------------------------------------

+-----------+-----------------+-------------------+-------+-------------+---------------+----------+-------------+----------+----------------+----------+--------------------------------------------------------------------------------------------------+
| Global Id | Driver Type/Pin | Driver Region (D) | Clock | Period (ns) | Waveform (ns) | Root (R) | Slice Loads | IO Loads | Clocking Loads | GT Loads | Net                                                                                              |
+-----------+-----------------+-------------------+-------+-------------+---------------+----------+-------------+----------+----------------+----------+--------------------------------------------------------------------------------------------------+
| g6        | BUFGCE/O        | X2Y2              |       |             |               | X2Y2     |        5501 |        0 |              0 |        0 | design_1_i/soc_e906_0/inst/x_cpu_sub_system_ahb/x_e906_top/x_pa_clkrst_top/x_pa_rst_top/cpurst_b |
+-----------+-----------------+-------------------+-------+-------------+---------------+----------+-------------+----------+----------------+----------+--------------------------------------------------------------------------------------------------+
* Slice Loads column represents load cell count of all cell types other than IO, GT and clock resources
** IO Loads column represents load cell count of IO types
*** Clocking Loads column represents load cell count that are clock resources (global clock buffer, MMCM, PLL, etc)
**** GT Loads column represents load cell count of GT types


+----+----+-----+--------------+-------+-----------------------+
|    | X0 | X1  | X2           | X3    | HORIZONTAL PROG DELAY |
+----+----+-----+--------------+-------+-----------------------+
| Y5 |  0 |   0 |            0 |     0 |                     - |
| Y4 |  0 |   0 |            0 |     0 |                     - |
| Y3 |  0 |   0 |            0 |     2 |                     0 |
| Y2 |  0 |  32 | (R) (D) 1260 |   437 |                     0 |
| Y1 |  0 |  32 |         1312 |   721 |                     0 |
| Y0 |  0 |   0 |          705 |  1000 |                     0 |
+----+----+-----+--------------+-------+-----------------------+


16. Device Cell Placement Summary for Global Clock g7
-----------------------------------------------------

+-----------+-----------------+-------------------+-------+-------------+---------------+----------+-------------+----------+----------------+----------+---------------------------------------------------------------------------------------------------------------------------------------------------+
| Global Id | Driver Type/Pin | Driver Region (D) | Clock | Period (ns) | Waveform (ns) | Root (R) | Slice Loads | IO Loads | Clocking Loads | GT Loads | Net                                                                                                                                               |
+-----------+-----------------+-------------------+-------+-------------+---------------+----------+-------------+----------+----------------+----------+---------------------------------------------------------------------------------------------------------------------------------------------------+
| g7        | BUFGCE/O        | X2Y1              |       |             |               | X2Y1     |        1830 |        0 |              0 |        0 | design_1_i/soc_e906_0/inst/x_cpu_sub_system_ahb/x_e906_top/x_pa_core_top/x_pa_core/x_pa_ifu_top/x_pa_ifu_vec/FSM_onehot_vec_cur_state_reg[6]_0[0] |
+-----------+-----------------+-------------------+-------+-------------+---------------+----------+-------------+----------+----------------+----------+---------------------------------------------------------------------------------------------------------------------------------------------------+
* Slice Loads column represents load cell count of all cell types other than IO, GT and clock resources
** IO Loads column represents load cell count of IO types
*** Clocking Loads column represents load cell count that are clock resources (global clock buffer, MMCM, PLL, etc)
**** GT Loads column represents load cell count of GT types


+----+----+------+-------------+------+-----------------------+
|    | X0 | X1   | X2          | X3   | HORIZONTAL PROG DELAY |
+----+----+------+-------------+------+-----------------------+
| Y5 |  0 |    0 |           0 |    0 |                     - |
| Y4 |  0 |    0 |           0 |    0 |                     - |
| Y3 |  0 |    0 |           0 |    0 |                     - |
| Y2 |  0 |    0 |          40 |   69 |                     0 |
| Y1 |  0 |  224 | (R) (D) 652 |  806 |                     0 |
| Y0 |  0 |    0 |           3 |   36 |                     0 |
+----+----+------+-------------+------+-----------------------+


17. Clock Region Cell Placement per Global Clock: Region X1Y0
-------------------------------------------------------------

+-----------+-------+-----------------+------------+-------------+-----------------+-----+-------------+------+------+-----+----+------+-----+---------+------------------------------------------------------+
| Global Id | Track | Driver Type/Pin | Constraint | Clock Loads | Non-Clock Loads | FF  | Memory LUTs | RAMB | URAM | DSP | GT | MMCM | PLL | Hard IP | Net                                                  |
+-----------+-------+-----------------+------------+-------------+-----------------+-----+-------------+------+------+-----+----+------+-----+---------+------------------------------------------------------+
| g0        | 9     | BUFG_PS/O       | None       |         203 |               0 | 196 |           7 |    0 |    0 |   0 |  0 |    0 |   0 |       0 | design_1_i/zynq_ultra_ps_e_0/inst/pl_clk0            |
| g5        | 8     | BUFGCE/O        | None       |           0 |              48 |  48 |           0 |    0 |    0 |   0 |  0 |    0 |   0 |       0 | design_1_i/proc_sys_reset_1/U0/peripheral_aresetn[0] |
+-----------+-------+-----------------+------------+-------------+-----------------+-----+-------------+------+------+-----+----+------+-----+---------+------------------------------------------------------+
* Clock Loads column represents cell count of net connects that connect to a clock pin. Internal cell leaf pins are not considered
** Non-Clock Loads column represents cell count of non-clock pin loads
*** Columns FF, LUTRAM, RAMB through 'Hard IP' represents load cell counts


18. Clock Region Cell Placement per Global Clock: Region X2Y0
-------------------------------------------------------------

+-----------+-------+-----------------+------------+-------------+-----------------+-----+-------------+------+------+-----+----+------+-----+---------+---------------------------------------------------------------------------------------------------------------------------------------------------+
| Global Id | Track | Driver Type/Pin | Constraint | Clock Loads | Non-Clock Loads | FF  | Memory LUTs | RAMB | URAM | DSP | GT | MMCM | PLL | Hard IP | Net                                                                                                                                               |
+-----------+-------+-----------------+------------+-------------+-----------------+-----+-------------+------+------+-----+----+------+-----+---------+---------------------------------------------------------------------------------------------------------------------------------------------------+
| g0        | 9     | BUFG_PS/O       | None       |        1173 |               0 | 880 |         293 |    0 |    0 |   0 |  0 |    0 |   0 |       0 | design_1_i/zynq_ultra_ps_e_0/inst/pl_clk0                                                                                                         |
| g4        | 3     | BUFGCE/O        | None       |           0 |               2 |   2 |           0 |    0 |    0 |   0 |  0 |    0 |   0 |       0 | design_1_i/axi2rst_0/inst/u_EGRET_CFG_axi/egret_rstn                                                                                              |
| g5+       | 8     | BUFGCE/O        | None       |           0 |               0 |   0 |           0 |    0 |    0 |   0 |  0 |    0 |   0 |       0 | design_1_i/proc_sys_reset_1/U0/peripheral_aresetn[0]                                                                                              |
| g6        | 2     | BUFGCE/O        | None       |           0 |             705 | 705 |           0 |    0 |    0 |   0 |  0 |    0 |   0 |       0 | design_1_i/soc_e906_0/inst/x_cpu_sub_system_ahb/x_e906_top/x_pa_clkrst_top/x_pa_rst_top/cpurst_b                                                  |
| g7        | 20    | BUFGCE/O        | None       |           0 |               3 |   3 |           0 |    0 |    0 |   0 |  0 |    0 |   0 |       0 | design_1_i/soc_e906_0/inst/x_cpu_sub_system_ahb/x_e906_top/x_pa_core_top/x_pa_core/x_pa_ifu_top/x_pa_ifu_vec/FSM_onehot_vec_cur_state_reg[6]_0[0] |
+-----------+-------+-----------------+------------+-------------+-----------------+-----+-------------+------+------+-----+----+------+-----+---------+---------------------------------------------------------------------------------------------------------------------------------------------------+
* Clock Loads column represents cell count of net connects that connect to a clock pin. Internal cell leaf pins are not considered
** Non-Clock Loads column represents cell count of non-clock pin loads
*** Columns FF, LUTRAM, RAMB through 'Hard IP' represents load cell counts
**** In Global Id column, sympbol '+' indicates that global clock was used only to route through the clock region.


19. Clock Region Cell Placement per Global Clock: Region X3Y0
-------------------------------------------------------------

+-----------+-------+-----------------+------------+-------------+-----------------+------+-------------+------+------+-----+----+------+-----+---------+---------------------------------------------------------------------------------------------------------------------------------------------------+
| Global Id | Track | Driver Type/Pin | Constraint | Clock Loads | Non-Clock Loads | FF   | Memory LUTs | RAMB | URAM | DSP | GT | MMCM | PLL | Hard IP | Net                                                                                                                                               |
+-----------+-------+-----------------+------------+-------------+-----------------+------+-------------+------+------+-----+----+------+-----+---------+---------------------------------------------------------------------------------------------------------------------------------------------------+
| g0        | 9     | BUFG_PS/O       | None       |        2251 |               0 | 2238 |          13 |    0 |    0 |   0 |  0 |    0 |   0 |       0 | design_1_i/zynq_ultra_ps_e_0/inst/pl_clk0                                                                                                         |
| g6        | 2     | BUFGCE/O        | None       |           0 |            1000 | 1000 |           0 |    0 |    0 |   0 |  0 |    0 |   0 |       0 | design_1_i/soc_e906_0/inst/x_cpu_sub_system_ahb/x_e906_top/x_pa_clkrst_top/x_pa_rst_top/cpurst_b                                                  |
| g7        | 20    | BUFGCE/O        | None       |           0 |              36 |   36 |           0 |    0 |    0 |   0 |  0 |    0 |   0 |       0 | design_1_i/soc_e906_0/inst/x_cpu_sub_system_ahb/x_e906_top/x_pa_core_top/x_pa_core/x_pa_ifu_top/x_pa_ifu_vec/FSM_onehot_vec_cur_state_reg[6]_0[0] |
+-----------+-------+-----------------+------------+-------------+-----------------+------+-------------+------+------+-----+----+------+-----+---------+---------------------------------------------------------------------------------------------------------------------------------------------------+
* Clock Loads column represents cell count of net connects that connect to a clock pin. Internal cell leaf pins are not considered
** Non-Clock Loads column represents cell count of non-clock pin loads
*** Columns FF, LUTRAM, RAMB through 'Hard IP' represents load cell counts


20. Clock Region Cell Placement per Global Clock: Region X1Y1
-------------------------------------------------------------

+-----------+-------+-----------------+------------+-------------+-----------------+------+-------------+------+------+-----+----+------+-----+---------+---------------------------------------------------------------------------------------------------------------------------------------------------+
| Global Id | Track | Driver Type/Pin | Constraint | Clock Loads | Non-Clock Loads | FF   | Memory LUTs | RAMB | URAM | DSP | GT | MMCM | PLL | Hard IP | Net                                                                                                                                               |
+-----------+-------+-----------------+------------+-------------+-----------------+------+-------------+------+------+-----+----+------+-----+---------+---------------------------------------------------------------------------------------------------------------------------------------------------+
| g0        | 9     | BUFG_PS/O       | None       |        3986 |               0 | 3743 |         234 |    9 |    0 |   0 |  0 |    0 |   0 |       0 | design_1_i/zynq_ultra_ps_e_0/inst/pl_clk0                                                                                                         |
| g4        | 3     | BUFGCE/O        | None       |           0 |              24 |   24 |           0 |    0 |    0 |   0 |  0 |    0 |   0 |       0 | design_1_i/axi2rst_0/inst/u_EGRET_CFG_axi/egret_rstn                                                                                              |
| g5        | 8     | BUFGCE/O        | None       |           0 |             995 |  995 |           0 |    0 |    0 |   0 |  0 |    0 |   0 |       0 | design_1_i/proc_sys_reset_1/U0/peripheral_aresetn[0]                                                                                              |
| g6        | 2     | BUFGCE/O        | None       |           0 |              32 |   32 |           0 |    0 |    0 |   0 |  0 |    0 |   0 |       0 | design_1_i/soc_e906_0/inst/x_cpu_sub_system_ahb/x_e906_top/x_pa_clkrst_top/x_pa_rst_top/cpurst_b                                                  |
| g7        | 20    | BUFGCE/O        | None       |           0 |             224 |  224 |           0 |    0 |    0 |   0 |  0 |    0 |   0 |       0 | design_1_i/soc_e906_0/inst/x_cpu_sub_system_ahb/x_e906_top/x_pa_core_top/x_pa_core/x_pa_ifu_top/x_pa_ifu_vec/FSM_onehot_vec_cur_state_reg[6]_0[0] |
+-----------+-------+-----------------+------------+-------------+-----------------+------+-------------+------+------+-----+----+------+-----+---------+---------------------------------------------------------------------------------------------------------------------------------------------------+
* Clock Loads column represents cell count of net connects that connect to a clock pin. Internal cell leaf pins are not considered
** Non-Clock Loads column represents cell count of non-clock pin loads
*** Columns FF, LUTRAM, RAMB through 'Hard IP' represents load cell counts


21. Clock Region Cell Placement per Global Clock: Region X2Y1
-------------------------------------------------------------

+-----------+-------+-----------------+------------+-------------+-----------------+------+-------------+------+------+-----+----+------+-----+---------+---------------------------------------------------------------------------------------------------------------------------------------------------+
| Global Id | Track | Driver Type/Pin | Constraint | Clock Loads | Non-Clock Loads | FF   | Memory LUTs | RAMB | URAM | DSP | GT | MMCM | PLL | Hard IP | Net                                                                                                                                               |
+-----------+-------+-----------------+------------+-------------+-----------------+------+-------------+------+------+-----+----+------+-----+---------+---------------------------------------------------------------------------------------------------------------------------------------------------+
| g0        | 9     | BUFG_PS/O       | None       |        3618 |               0 | 3255 |         362 |    1 |    0 |   0 |  0 |    0 |   0 |       0 | design_1_i/zynq_ultra_ps_e_0/inst/pl_clk0                                                                                                         |
| g1        | 0     | BUFGCE/O        | None       |           2 |               0 |    2 |           0 |    0 |    0 |   0 |  0 |    0 |   0 |       0 | design_1_i/soc_e906_0/x_cpu_sub_system_ahb/x_e906_top/x_pa_tcipif_top/x_pa_clic_top/clic_clk                                                      |
| g2+       | 14    | BUFGCE/O        | None       |           0 |               0 |    0 |           0 |    0 |    0 |   0 |  0 |    0 |   0 |       0 | dbg_hub/inst/BSCANID.u_xsdbm_id/itck_i                                                                                                            |
| g4        | 3     | BUFGCE/O        | None       |           0 |              10 |   10 |           0 |    0 |    0 |   0 |  0 |    0 |   0 |       0 | design_1_i/axi2rst_0/inst/u_EGRET_CFG_axi/egret_rstn                                                                                              |
| g5        | 8     | BUFGCE/O        | None       |           0 |             157 |  157 |           0 |    0 |    0 |   0 |  0 |    0 |   0 |       0 | design_1_i/proc_sys_reset_1/U0/peripheral_aresetn[0]                                                                                              |
| g6        | 2     | BUFGCE/O        | None       |           0 |            1312 | 1312 |           0 |    0 |    0 |   0 |  0 |    0 |   0 |       0 | design_1_i/soc_e906_0/inst/x_cpu_sub_system_ahb/x_e906_top/x_pa_clkrst_top/x_pa_rst_top/cpurst_b                                                  |
| g7        | 20    | BUFGCE/O        | None       |           0 |             652 |  652 |           0 |    0 |    0 |   0 |  0 |    0 |   0 |       0 | design_1_i/soc_e906_0/inst/x_cpu_sub_system_ahb/x_e906_top/x_pa_core_top/x_pa_core/x_pa_ifu_top/x_pa_ifu_vec/FSM_onehot_vec_cur_state_reg[6]_0[0] |
+-----------+-------+-----------------+------------+-------------+-----------------+------+-------------+------+------+-----+----+------+-----+---------+---------------------------------------------------------------------------------------------------------------------------------------------------+
* Clock Loads column represents cell count of net connects that connect to a clock pin. Internal cell leaf pins are not considered
** Non-Clock Loads column represents cell count of non-clock pin loads
*** Columns FF, LUTRAM, RAMB through 'Hard IP' represents load cell counts
**** In Global Id column, sympbol '+' indicates that global clock was used only to route through the clock region.


22. Clock Region Cell Placement per Global Clock: Region X3Y1
-------------------------------------------------------------

+-----------+-------+-----------------+------------+-------------+-----------------+------+-------------+------+------+-----+----+------+-----+---------+---------------------------------------------------------------------------------------------------------------------------------------------------+
| Global Id | Track | Driver Type/Pin | Constraint | Clock Loads | Non-Clock Loads | FF   | Memory LUTs | RAMB | URAM | DSP | GT | MMCM | PLL | Hard IP | Net                                                                                                                                               |
+-----------+-------+-----------------+------------+-------------+-----------------+------+-------------+------+------+-----+----+------+-----+---------+---------------------------------------------------------------------------------------------------------------------------------------------------+
| g0        | 9     | BUFG_PS/O       | None       |        2313 |               0 | 2313 |           0 |    0 |    0 |   0 |  0 |    0 |   0 |       0 | design_1_i/zynq_ultra_ps_e_0/inst/pl_clk0                                                                                                         |
| g6        | 2     | BUFGCE/O        | None       |           0 |             721 |  721 |           0 |    0 |    0 |   0 |  0 |    0 |   0 |       0 | design_1_i/soc_e906_0/inst/x_cpu_sub_system_ahb/x_e906_top/x_pa_clkrst_top/x_pa_rst_top/cpurst_b                                                  |
| g7        | 20    | BUFGCE/O        | None       |           0 |             806 |  806 |           0 |    0 |    0 |   0 |  0 |    0 |   0 |       0 | design_1_i/soc_e906_0/inst/x_cpu_sub_system_ahb/x_e906_top/x_pa_core_top/x_pa_core/x_pa_ifu_top/x_pa_ifu_vec/FSM_onehot_vec_cur_state_reg[6]_0[0] |
+-----------+-------+-----------------+------------+-------------+-----------------+------+-------------+------+------+-----+----+------+-----+---------+---------------------------------------------------------------------------------------------------------------------------------------------------+
* Clock Loads column represents cell count of net connects that connect to a clock pin. Internal cell leaf pins are not considered
** Non-Clock Loads column represents cell count of non-clock pin loads
*** Columns FF, LUTRAM, RAMB through 'Hard IP' represents load cell counts


23. Clock Region Cell Placement per Global Clock: Region X1Y2
-------------------------------------------------------------

+-----------+-------+-----------------+------------+-------------+-----------------+------+-------------+------+------+-----+----+------+-----+---------+--------------------------------------------------------------------------------------------------+
| Global Id | Track | Driver Type/Pin | Constraint | Clock Loads | Non-Clock Loads | FF   | Memory LUTs | RAMB | URAM | DSP | GT | MMCM | PLL | Hard IP | Net                                                                                              |
+-----------+-------+-----------------+------------+-------------+-----------------+------+-------------+------+------+-----+----+------+-----+---------+--------------------------------------------------------------------------------------------------+
| g0        | 9     | BUFG_PS/O       | None       |        3445 |               0 | 3313 |         120 |   12 |    0 |   0 |  0 |    0 |   0 |       0 | design_1_i/zynq_ultra_ps_e_0/inst/pl_clk0                                                        |
| g2        | 14    | BUFGCE/O        | None       |         292 |               0 |  289 |           3 |    0 |    0 |   0 |  0 |    0 |   0 |       0 | dbg_hub/inst/BSCANID.u_xsdbm_id/itck_i                                                           |
| g4        | 3     | BUFGCE/O        | None       |           0 |              40 |   40 |           0 |    0 |    0 |   0 |  0 |    0 |   0 |       0 | design_1_i/axi2rst_0/inst/u_EGRET_CFG_axi/egret_rstn                                             |
| g6        | 2     | BUFGCE/O        | None       |           0 |              32 |   32 |           0 |    0 |    0 |   0 |  0 |    0 |   0 |       0 | design_1_i/soc_e906_0/inst/x_cpu_sub_system_ahb/x_e906_top/x_pa_clkrst_top/x_pa_rst_top/cpurst_b |
+-----------+-------+-----------------+------------+-------------+-----------------+------+-------------+------+------+-----+----+------+-----+---------+--------------------------------------------------------------------------------------------------+
* Clock Loads column represents cell count of net connects that connect to a clock pin. Internal cell leaf pins are not considered
** Non-Clock Loads column represents cell count of non-clock pin loads
*** Columns FF, LUTRAM, RAMB through 'Hard IP' represents load cell counts


24. Clock Region Cell Placement per Global Clock: Region X2Y2
-------------------------------------------------------------

+-----------+-------+-----------------+------------+-------------+-----------------+------+-------------+------+------+-----+----+------+-----+---------+---------------------------------------------------------------------------------------------------------------------------------------------------+
| Global Id | Track | Driver Type/Pin | Constraint | Clock Loads | Non-Clock Loads | FF   | Memory LUTs | RAMB | URAM | DSP | GT | MMCM | PLL | Hard IP | Net                                                                                                                                               |
+-----------+-------+-----------------+------------+-------------+-----------------+------+-------------+------+------+-----+----+------+-----+---------+---------------------------------------------------------------------------------------------------------------------------------------------------+
| g0        | 9     | BUFG_PS/O       | None       |        1188 |               0 | 1157 |          18 |   12 |    0 |   0 |  0 |    0 |   0 |       0 | design_1_i/zynq_ultra_ps_e_0/inst/pl_clk0                                                                                                         |
| g1        | 0     | BUFGCE/O        | None       |         689 |               0 |  689 |           0 |    0 |    0 |   0 |  0 |    0 |   0 |       0 | design_1_i/soc_e906_0/x_cpu_sub_system_ahb/x_e906_top/x_pa_tcipif_top/x_pa_clic_top/clic_clk                                                      |
| g2        | 14    | BUFGCE/O        | None       |          14 |               0 |   14 |           0 |    0 |    0 |   0 |  0 |    0 |   0 |       0 | dbg_hub/inst/BSCANID.u_xsdbm_id/itck_i                                                                                                            |
| g4        | 3     | BUFGCE/O        | None       |           0 |             206 |  206 |           0 |    0 |    0 |   0 |  0 |    0 |   0 |       0 | design_1_i/axi2rst_0/inst/u_EGRET_CFG_axi/egret_rstn                                                                                              |
| g5+       | 8     | BUFGCE/O        | None       |           0 |               0 |    0 |           0 |    0 |    0 |   0 |  0 |    0 |   0 |       0 | design_1_i/proc_sys_reset_1/U0/peripheral_aresetn[0]                                                                                              |
| g6        | 2     | BUFGCE/O        | None       |           0 |            1260 | 1260 |           0 |    0 |    0 |   0 |  0 |    0 |   0 |       0 | design_1_i/soc_e906_0/inst/x_cpu_sub_system_ahb/x_e906_top/x_pa_clkrst_top/x_pa_rst_top/cpurst_b                                                  |
| g7        | 20    | BUFGCE/O        | None       |           0 |              40 |   40 |           0 |    0 |    0 |   0 |  0 |    0 |   0 |       0 | design_1_i/soc_e906_0/inst/x_cpu_sub_system_ahb/x_e906_top/x_pa_core_top/x_pa_core/x_pa_ifu_top/x_pa_ifu_vec/FSM_onehot_vec_cur_state_reg[6]_0[0] |
+-----------+-------+-----------------+------------+-------------+-----------------+------+-------------+------+------+-----+----+------+-----+---------+---------------------------------------------------------------------------------------------------------------------------------------------------+
* Clock Loads column represents cell count of net connects that connect to a clock pin. Internal cell leaf pins are not considered
** Non-Clock Loads column represents cell count of non-clock pin loads
*** Columns FF, LUTRAM, RAMB through 'Hard IP' represents load cell counts
**** In Global Id column, sympbol '+' indicates that global clock was used only to route through the clock region.


25. Clock Region Cell Placement per Global Clock: Region X3Y2
-------------------------------------------------------------

+-----------+-------+-----------------+------------+-------------+-----------------+-----+-------------+------+------+-----+----+------+-----+---------+---------------------------------------------------------------------------------------------------------------------------------------------------+
| Global Id | Track | Driver Type/Pin | Constraint | Clock Loads | Non-Clock Loads | FF  | Memory LUTs | RAMB | URAM | DSP | GT | MMCM | PLL | Hard IP | Net                                                                                                                                               |
+-----------+-------+-----------------+------------+-------------+-----------------+-----+-------------+------+------+-----+----+------+-----+---------+---------------------------------------------------------------------------------------------------------------------------------------------------+
| g0        | 9     | BUFG_PS/O       | None       |         618 |               0 | 614 |           0 |    4 |    0 |   0 |  0 |    0 |   0 |       0 | design_1_i/zynq_ultra_ps_e_0/inst/pl_clk0                                                                                                         |
| g1        | 0     | BUFGCE/O        | None       |         428 |               0 | 428 |           0 |    0 |    0 |   0 |  0 |    0 |   0 |       0 | design_1_i/soc_e906_0/x_cpu_sub_system_ahb/x_e906_top/x_pa_tcipif_top/x_pa_clic_top/clic_clk                                                      |
| g2        | 14    | BUFGCE/O        | None       |         119 |               0 | 119 |           0 |    0 |    0 |   0 |  0 |    0 |   0 |       0 | dbg_hub/inst/BSCANID.u_xsdbm_id/itck_i                                                                                                            |
| g6        | 2     | BUFGCE/O        | None       |           0 |             437 | 437 |           0 |    0 |    0 |   0 |  0 |    0 |   0 |       0 | design_1_i/soc_e906_0/inst/x_cpu_sub_system_ahb/x_e906_top/x_pa_clkrst_top/x_pa_rst_top/cpurst_b                                                  |
| g7        | 20    | BUFGCE/O        | None       |           0 |              69 |  69 |           0 |    0 |    0 |   0 |  0 |    0 |   0 |       0 | design_1_i/soc_e906_0/inst/x_cpu_sub_system_ahb/x_e906_top/x_pa_core_top/x_pa_core/x_pa_ifu_top/x_pa_ifu_vec/FSM_onehot_vec_cur_state_reg[6]_0[0] |
+-----------+-------+-----------------+------------+-------------+-----------------+-----+-------------+------+------+-----+----+------+-----+---------+---------------------------------------------------------------------------------------------------------------------------------------------------+
* Clock Loads column represents cell count of net connects that connect to a clock pin. Internal cell leaf pins are not considered
** Non-Clock Loads column represents cell count of non-clock pin loads
*** Columns FF, LUTRAM, RAMB through 'Hard IP' represents load cell counts


26. Clock Region Cell Placement per Global Clock: Region X1Y3
-------------------------------------------------------------

+-----------+-------+-----------------+------------+-------------+-----------------+-----+-------------+------+------+-----+----+------+-----+---------+-------------------------------------------+
| Global Id | Track | Driver Type/Pin | Constraint | Clock Loads | Non-Clock Loads | FF  | Memory LUTs | RAMB | URAM | DSP | GT | MMCM | PLL | Hard IP | Net                                       |
+-----------+-------+-----------------+------------+-------------+-----------------+-----+-------------+------+------+-----+----+------+-----+---------+-------------------------------------------+
| g0        | 9     | BUFG_PS/O       | None       |         282 |               0 | 249 |          27 |    6 |    0 |   0 |  0 |    0 |   0 |       0 | design_1_i/zynq_ultra_ps_e_0/inst/pl_clk0 |
+-----------+-------+-----------------+------------+-------------+-----------------+-----+-------------+------+------+-----+----+------+-----+---------+-------------------------------------------+
* Clock Loads column represents cell count of net connects that connect to a clock pin. Internal cell leaf pins are not considered
** Non-Clock Loads column represents cell count of non-clock pin loads
*** Columns FF, LUTRAM, RAMB through 'Hard IP' represents load cell counts


27. Clock Region Cell Placement per Global Clock: Region X2Y3
-------------------------------------------------------------

+-----------+-------+-----------------+------------+-------------+-----------------+------+-------------+------+------+-----+----+------+-----+---------+--------------------------------------------------------------------------------------------------+
| Global Id | Track | Driver Type/Pin | Constraint | Clock Loads | Non-Clock Loads | FF   | Memory LUTs | RAMB | URAM | DSP | GT | MMCM | PLL | Hard IP | Net                                                                                              |
+-----------+-------+-----------------+------------+-------------+-----------------+------+-------------+------+------+-----+----+------+-----+---------+--------------------------------------------------------------------------------------------------+
| g0        | 9     | BUFG_PS/O       | None       |        1467 |               1 | 1456 |           0 |   11 |    0 |   0 |  0 |    0 |   0 |       0 | design_1_i/zynq_ultra_ps_e_0/inst/pl_clk0                                                        |
| g1+       | 0     | BUFGCE/O        | None       |           0 |               0 |    0 |           0 |    0 |    0 |   0 |  0 |    0 |   0 |       0 | design_1_i/soc_e906_0/x_cpu_sub_system_ahb/x_e906_top/x_pa_tcipif_top/x_pa_clic_top/clic_clk     |
| g2+       | 14    | BUFGCE/O        | None       |           0 |               0 |    0 |           0 |    0 |    0 |   0 |  0 |    0 |   0 |       0 | dbg_hub/inst/BSCANID.u_xsdbm_id/itck_i                                                           |
| g3        | 1     | BUFGCE/O        | None       |          32 |               0 |    0 |           0 |    0 |    0 |   0 |  0 |    0 |   0 |       0 | design_1_i/soc_e906_0/x_apb/x_pmu/pmu_apb_prdata0                                                |
| g4        | 3     | BUFGCE/O        | None       |           0 |            1290 | 1290 |           0 |    0 |    0 |   0 |  0 |    0 |   0 |       0 | design_1_i/axi2rst_0/inst/u_EGRET_CFG_axi/egret_rstn                                             |
| g5+       | 8     | BUFGCE/O        | None       |           0 |               0 |    0 |           0 |    0 |    0 |   0 |  0 |    0 |   0 |       0 | design_1_i/proc_sys_reset_1/U0/peripheral_aresetn[0]                                             |
| g6+       | 2     | BUFGCE/O        | None       |           0 |               0 |    0 |           0 |    0 |    0 |   0 |  0 |    0 |   0 |       0 | design_1_i/soc_e906_0/inst/x_cpu_sub_system_ahb/x_e906_top/x_pa_clkrst_top/x_pa_rst_top/cpurst_b |
+-----------+-------+-----------------+------------+-------------+-----------------+------+-------------+------+------+-----+----+------+-----+---------+--------------------------------------------------------------------------------------------------+
* Clock Loads column represents cell count of net connects that connect to a clock pin. Internal cell leaf pins are not considered
** Non-Clock Loads column represents cell count of non-clock pin loads
*** Columns FF, LUTRAM, RAMB through 'Hard IP' represents load cell counts
**** In Global Id column, sympbol '+' indicates that global clock was used only to route through the clock region.


28. Clock Region Cell Placement per Global Clock: Region X3Y3
-------------------------------------------------------------

+-----------+-------+-----------------+------------+-------------+-----------------+-----+-------------+------+------+-----+----+------+-----+---------+--------------------------------------------------------------------------------------------------+
| Global Id | Track | Driver Type/Pin | Constraint | Clock Loads | Non-Clock Loads | FF  | Memory LUTs | RAMB | URAM | DSP | GT | MMCM | PLL | Hard IP | Net                                                                                              |
+-----------+-------+-----------------+------------+-------------+-----------------+-----+-------------+------+------+-----+----+------+-----+---------+--------------------------------------------------------------------------------------------------+
| g0        | 9     | BUFG_PS/O       | None       |         284 |               0 | 280 |           0 |    4 |    0 |   0 |  0 |    0 |   0 |       0 | design_1_i/zynq_ultra_ps_e_0/inst/pl_clk0                                                        |
| g2        | 14    | BUFGCE/O        | None       |          40 |               0 |  40 |           0 |    0 |    0 |   0 |  0 |    0 |   0 |       0 | dbg_hub/inst/BSCANID.u_xsdbm_id/itck_i                                                           |
| g4        | 3     | BUFGCE/O        | None       |           0 |             252 | 252 |           0 |    0 |    0 |   0 |  0 |    0 |   0 |       0 | design_1_i/axi2rst_0/inst/u_EGRET_CFG_axi/egret_rstn                                             |
| g6        | 2     | BUFGCE/O        | None       |           0 |               2 |   2 |           0 |    0 |    0 |   0 |  0 |    0 |   0 |       0 | design_1_i/soc_e906_0/inst/x_cpu_sub_system_ahb/x_e906_top/x_pa_clkrst_top/x_pa_rst_top/cpurst_b |
+-----------+-------+-----------------+------------+-------------+-----------------+-----+-------------+------+------+-----+----+------+-----+---------+--------------------------------------------------------------------------------------------------+
* Clock Loads column represents cell count of net connects that connect to a clock pin. Internal cell leaf pins are not considered
** Non-Clock Loads column represents cell count of non-clock pin loads
*** Columns FF, LUTRAM, RAMB through 'Hard IP' represents load cell counts


29. Clock Region Cell Placement per Global Clock: Region X0Y4
-------------------------------------------------------------

+-----------+-------+-----------------+------------+-------------+-----------------+------+-------------+------+------+-----+----+------+-----+---------+------------------------------------------------------+
| Global Id | Track | Driver Type/Pin | Constraint | Clock Loads | Non-Clock Loads | FF   | Memory LUTs | RAMB | URAM | DSP | GT | MMCM | PLL | Hard IP | Net                                                  |
+-----------+-------+-----------------+------------+-------------+-----------------+------+-------------+------+------+-----+----+------+-----+---------+------------------------------------------------------+
| g0        | 9     | BUFG_PS/O       | None       |        1333 |               0 | 1292 |          41 |    0 |    0 |   0 |  0 |    0 |   0 |       0 | design_1_i/zynq_ultra_ps_e_0/inst/pl_clk0            |
| g4+       | 3     | BUFGCE/O        | None       |           0 |               0 |    0 |           0 |    0 |    0 |   0 |  0 |    0 |   0 |       0 | design_1_i/axi2rst_0/inst/u_EGRET_CFG_axi/egret_rstn |
| g5        | 8     | BUFGCE/O        | None       |           0 |            1017 | 1017 |           0 |    0 |    0 |   0 |  0 |    0 |   0 |       0 | design_1_i/proc_sys_reset_1/U0/peripheral_aresetn[0] |
+-----------+-------+-----------------+------------+-------------+-----------------+------+-------------+------+------+-----+----+------+-----+---------+------------------------------------------------------+
* Clock Loads column represents cell count of net connects that connect to a clock pin. Internal cell leaf pins are not considered
** Non-Clock Loads column represents cell count of non-clock pin loads
*** Columns FF, LUTRAM, RAMB through 'Hard IP' represents load cell counts
**** In Global Id column, sympbol '+' indicates that global clock was used only to route through the clock region.


30. Clock Region Cell Placement per Global Clock: Region X1Y4
-------------------------------------------------------------

+-----------+-------+-----------------+------------+-------------+-----------------+----+-------------+------+------+-----+----+------+-----+---------+------------------------------------------------------+
| Global Id | Track | Driver Type/Pin | Constraint | Clock Loads | Non-Clock Loads | FF | Memory LUTs | RAMB | URAM | DSP | GT | MMCM | PLL | Hard IP | Net                                                  |
+-----------+-------+-----------------+------------+-------------+-----------------+----+-------------+------+------+-----+----+------+-----+---------+------------------------------------------------------+
| g0+       | 9     | BUFG_PS/O       | None       |           0 |               0 |  0 |           0 |    0 |    0 |   0 |  0 |    0 |   0 |       0 | design_1_i/zynq_ultra_ps_e_0/inst/pl_clk0            |
| g4+       | 3     | BUFGCE/O        | None       |           0 |               0 |  0 |           0 |    0 |    0 |   0 |  0 |    0 |   0 |       0 | design_1_i/axi2rst_0/inst/u_EGRET_CFG_axi/egret_rstn |
| g5+       | 8     | BUFGCE/O        | None       |           0 |               0 |  0 |           0 |    0 |    0 |   0 |  0 |    0 |   0 |       0 | design_1_i/proc_sys_reset_1/U0/peripheral_aresetn[0] |
+-----------+-------+-----------------+------------+-------------+-----------------+----+-------------+------+------+-----+----+------+-----+---------+------------------------------------------------------+
* Clock Loads column represents cell count of net connects that connect to a clock pin. Internal cell leaf pins are not considered
** Non-Clock Loads column represents cell count of non-clock pin loads
*** Columns FF, LUTRAM, RAMB through 'Hard IP' represents load cell counts
**** In Global Id column, sympbol '+' indicates that global clock was used only to route through the clock region.


31. Clock Region Cell Placement per Global Clock: Region X2Y4
-------------------------------------------------------------

+-----------+-------+-----------------+------------+-------------+-----------------+----+-------------+------+------+-----+----+------+-----+---------+------------------------------------------------------+
| Global Id | Track | Driver Type/Pin | Constraint | Clock Loads | Non-Clock Loads | FF | Memory LUTs | RAMB | URAM | DSP | GT | MMCM | PLL | Hard IP | Net                                                  |
+-----------+-------+-----------------+------------+-------------+-----------------+----+-------------+------+------+-----+----+------+-----+---------+------------------------------------------------------+
| g4+       | 3     | BUFGCE/O        | None       |           0 |               0 |  0 |           0 |    0 |    0 |   0 |  0 |    0 |   0 |       0 | design_1_i/axi2rst_0/inst/u_EGRET_CFG_axi/egret_rstn |
| g5+       | 8     | BUFGCE/O        | None       |           0 |               0 |  0 |           0 |    0 |    0 |   0 |  0 |    0 |   0 |       0 | design_1_i/proc_sys_reset_1/U0/peripheral_aresetn[0] |
+-----------+-------+-----------------+------------+-------------+-----------------+----+-------------+------+------+-----+----+------+-----+---------+------------------------------------------------------+
* Clock Loads column represents cell count of net connects that connect to a clock pin. Internal cell leaf pins are not considered
** Non-Clock Loads column represents cell count of non-clock pin loads
*** Columns FF, LUTRAM, RAMB through 'Hard IP' represents load cell counts
**** In Global Id column, sympbol '+' indicates that global clock was used only to route through the clock region.


