Copyright 1986-2022 Xilinx, Inc. All Rights Reserved.
----------------------------------------------------------------------------------------------------------------------------------------------------------------------
| Tool Version     : Vivado v.2022.2 (win64) Build 3671981 Fri Oct 14 05:00:03 MDT 2022
| Date             : Thu Jul 11 20:33:53 2024
| Host             : DESKTOP-1H1RL0L running 64-bit major release  (build 9200)
| Command          : report_power -file design_1_wrapper_power_routed.rpt -pb design_1_wrapper_power_summary_routed.pb -rpx design_1_wrapper_power_routed.rpx
| Design           : design_1_wrapper
| Device           : xczu7ev-ffvc1156-2-e
| Design State     : routed
| Grade            : extended
| Process          : typical
| Characterization : Production
----------------------------------------------------------------------------------------------------------------------------------------------------------------------

Power Report

Table of Contents
-----------------
1. Summary
1.1 On-Chip Components
1.2 Power Supply Summary
1.3 Confidence Level
2. Settings
2.1 Environment
2.2 Clock Constraints
3. Detailed Reports
3.1 By Hierarchy

1. Summary
----------

+--------------------------+--------------+
| Total On-Chip Power (W)  | 3.365        |
| Design Power Budget (W)  | Unspecified* |
| Power Budget Margin (W)  | NA           |
| Dynamic (W)              | 2.673        |
| Device Static (W)        | 0.692        |
| Effective TJA (C/W)      | 1.0          |
| Max Ambient (C)          | 96.7         |
| Junction Temperature (C) | 28.3         |
| Confidence Level         | Low          |
| Setting File             | ---          |
| Simulation Activity File | ---          |
| Design Nets Matched      | NA           |
+--------------------------+--------------+
* Specify Design Power Budget using, set_operating_conditions -design_power_budget <value in Watts>


1.1 On-Chip Components
----------------------

+--------------------------+-----------+----------+-----------+-----------------+
| On-Chip                  | Power (W) | Used     | Available | Utilization (%) |
+--------------------------+-----------+----------+-----------+-----------------+
| Clocks                   |     0.075 |        4 |       --- |             --- |
| CLB Logic                |     0.044 |    79175 |       --- |             --- |
|   LUT as Logic           |     0.032 |    36331 |    230400 |           15.77 |
|   LUT as Distributed RAM |     0.007 |     4580 |    101760 |            4.50 |
|   LUT as Shift Register  |     0.002 |      612 |    101760 |            0.60 |
|   CARRY8                 |     0.002 |      589 |     28800 |            2.05 |
|   Register               |     0.001 |    22606 |    460800 |            4.91 |
|   BUFG                   |    <0.001 |        5 |        64 |            7.81 |
|   Others                 |     0.000 |     1954 |       --- |             --- |
|   F7/F8 Muxes            |     0.000 |     4995 |    230400 |            2.17 |
| Signals                  |     0.047 |    56854 |       --- |             --- |
| Block RAM                |     0.051 |       58 |       312 |           18.59 |
| I/O                      |    <0.001 |        2 |       360 |            0.56 |
| PS8                      |     2.456 |        1 |       --- |             --- |
| Static Power             |     0.692 |          |           |                 |
|   PS Static              |     0.098 |          |           |                 |
|   PL Static              |     0.594 |          |           |                 |
| Total                    |     3.365 |          |           |                 |
+--------------------------+-----------+----------+-----------+-----------------+


1.2 Power Supply Summary
------------------------

+-----------------+-------------+-----------+-------------+------------+-------------+-------------+------------+
| Source          | Voltage (V) | Total (A) | Dynamic (A) | Static (A) | Powerup (A) | Budget (A)  | Margin (A) |
+-----------------+-------------+-----------+-------------+------------+-------------+-------------+------------+
| Vccint          |       0.850 |     0.400 |       0.249 |      0.151 |       NA    | Unspecified | NA         |
| Vccint_io       |       0.850 |     0.071 |       0.000 |      0.071 |       NA    | Unspecified | NA         |
| Vccbram         |       0.850 |     0.008 |       0.006 |      0.002 |       NA    | Unspecified | NA         |
| Vccaux          |       1.800 |     0.147 |       0.000 |      0.147 |       NA    | Unspecified | NA         |
| Vccaux_io       |       1.800 |     0.055 |       0.000 |      0.055 |       NA    | Unspecified | NA         |
| Vcco33          |       3.300 |     0.000 |       0.000 |      0.000 |       NA    | Unspecified | NA         |
| Vcco25          |       2.500 |     0.000 |       0.000 |      0.000 |       NA    | Unspecified | NA         |
| Vcco18          |       1.800 |     0.000 |       0.000 |      0.000 |       NA    | Unspecified | NA         |
| Vcco15          |       1.500 |     0.000 |       0.000 |      0.000 |       NA    | Unspecified | NA         |
| Vcco135         |       1.350 |     0.000 |       0.000 |      0.000 |       NA    | Unspecified | NA         |
| Vcco12          |       1.200 |     0.000 |       0.000 |      0.000 |       NA    | Unspecified | NA         |
| Vcco10          |       1.000 |     0.000 |       0.000 |      0.000 |       NA    | Unspecified | NA         |
| Vccadc          |       1.800 |     0.008 |       0.000 |      0.008 |       NA    | Unspecified | NA         |
| VCC_PSINTFP     |       0.850 |     0.948 |       0.914 |      0.034 |       NA    | Unspecified | NA         |
| VCC_PSINTLP     |       0.850 |     0.252 |       0.245 |      0.007 |       NA    | Unspecified | NA         |
| VPS_MGTRAVCC    |       0.850 |     0.068 |       0.067 |      0.001 |       NA    | Unspecified | NA         |
| VCC_PSINTFP_DDR |       0.850 |     0.719 |       0.714 |      0.004 |       NA    | Unspecified | NA         |
| VCC_PSPLL       |       1.200 |     0.075 |       0.073 |      0.002 |       NA    | Unspecified | NA         |
| VPS_MGTRAVTT    |       1.800 |     0.009 |       0.008 |      0.001 |       NA    | Unspecified | NA         |
| VCCO_PSDDR_504  |       1.200 |     0.620 |       0.586 |      0.034 |       NA    | Unspecified | NA         |
| VCC_PSAUX       |       1.800 |     0.002 |       0.000 |      0.002 |       NA    | Unspecified | NA         |
| VCC_PSBATT      |       1.200 |     0.000 |       0.000 |      0.000 |       NA    | Unspecified | NA         |
| VCC_PSDDR_PLL   |       1.800 |     0.001 |       0.000 |      0.001 |       NA    | Unspecified | NA         |
| VCCO_PSIO0_500  |       1.800 |     0.001 |       0.000 |      0.001 |       NA    | Unspecified | NA         |
| VCCO_PSIO1_501  |       1.800 |     0.001 |       0.000 |      0.001 |       NA    | Unspecified | NA         |
| VCCO_PSIO2_502  |       1.800 |     0.001 |       0.000 |      0.001 |       NA    | Unspecified | NA         |
| VCCO_PSIO3_503  |       3.300 |     0.001 |       0.000 |      0.001 |       NA    | Unspecified | NA         |
| VCC_PSADC       |       1.800 |     0.002 |       0.000 |      0.002 |       NA    | Unspecified | NA         |
| VCCINT_VCU      |       0.900 |     0.027 |       0.000 |      0.027 |       NA    | Unspecified | NA         |
| MGTAVcc         |       0.900 |     0.000 |       0.000 |      0.000 |       NA    | Unspecified | NA         |
| MGTAVtt         |       1.200 |     0.000 |       0.000 |      0.000 |       NA    | Unspecified | NA         |
| MGTVccaux       |       1.800 |     0.000 |       0.000 |      0.000 |       NA    | Unspecified | NA         |
+-----------------+-------------+-----------+-------------+------------+-------------+-------------+------------+


1.3 Confidence Level
--------------------

+-----------------------------+------------+--------------------------------------------------------+------------------------------------------------------------------------------------------------------------+
| User Input Data             | Confidence | Details                                                | Action                                                                                                     |
+-----------------------------+------------+--------------------------------------------------------+------------------------------------------------------------------------------------------------------------+
| Design implementation state | High       | Design is routed                                       |                                                                                                            |
| Clock nodes activity        | High       | User specified more than 95% of clocks                 |                                                                                                            |
| I/O nodes activity          | Low        | More than 75% of inputs are missing user specification | Provide missing input activity with simulation results or by editing the "By Resource Type -> I/Os" view   |
| Internal nodes activity     | Medium     | User specified less than 25% of internal nodes         | Provide missing internal nodes activity with simulation results or by editing the "By Resource Type" views |
| Device models               | High       | Device models are Production                           |                                                                                                            |
|                             |            |                                                        |                                                                                                            |
| Overall confidence level    | Low        |                                                        |                                                                                                            |
+-----------------------------+------------+--------------------------------------------------------+------------------------------------------------------------------------------------------------------------+


2. Settings
-----------

2.1 Environment
---------------

+-----------------------+--------------------------+
| Ambient Temp (C)      | 25.0                     |
| ThetaJA (C/W)         | 1.0                      |
| Airflow (LFM)         | 250                      |
| Heat Sink             | medium (Medium Profile)  |
| ThetaSA (C/W)         | 1.5                      |
| Board Selection       | medium (10"x10")         |
| # of Board Layers     | 12to15 (12 to 15 Layers) |
| Board Temperature (C) | 25.0                     |
+-----------------------+--------------------------+


2.2 Clock Constraints
---------------------

+-----------------------------------------------------------------------------------------------------+--------------------------------------------------------------------+-----------------+
| Clock                                                                                               | Domain                                                             | Constraint (ns) |
+-----------------------------------------------------------------------------------------------------+--------------------------------------------------------------------+-----------------+
| clk_pl_0                                                                                            | design_1_i/zynq_ultra_ps_e_0/inst/pl_clk_unbuffered[0]             |            10.0 |
| dbg_hub/inst/BSCANID.u_xsdbm_id/SWITCH_N_EXT_BSCAN.bscan_inst/SERIES7_BSCAN.bscan_inst/INTERNAL_TCK | dbg_hub/inst/BSCANID.u_xsdbm_id/SWITCH_N_EXT_BSCAN.bscan_inst/DRCK |            50.0 |
+-----------------------------------------------------------------------------------------------------+--------------------------------------------------------------------+-----------------+


3. Detailed Reports
-------------------

3.1 By Hierarchy
----------------

+--------------------------+-----------+
| Name                     | Power (W) |
+--------------------------+-----------+
| design_1_wrapper         |     2.673 |
|   dbg_hub                |     0.002 |
|     inst                 |     0.002 |
|       BSCANID.u_xsdbm_id |     0.002 |
|   design_1_i             |     2.670 |
|     axi2rst_0            |     0.004 |
|       inst               |     0.004 |
|     axi_interconnect_0   |     0.012 |
|       s00_couplers       |     0.004 |
|       s01_couplers       |     0.004 |
|       xbar               |     0.003 |
|     axi_interconnect_1   |     0.004 |
|       s00_couplers       |     0.004 |
|     ila_0                |     0.005 |
|       inst               |     0.005 |
|     soc_e906_0           |     0.148 |
|       inst               |     0.148 |
|     system_ila_0         |     0.039 |
|       inst               |     0.039 |
|     zynq_ultra_ps_e_0    |     2.457 |
|       inst               |     2.457 |
+--------------------------+-----------+


